0 info it worked if it ends with ok
1 verbose cli [ 'C:\\Program Files (x86)\\nodejs\\node.exe',
1 verbose cli   'C:\\Program Files (x86)\\nodejs\\node_modules\\npm\\bin\\npm-cli.js',
1 verbose cli   'install',
1 verbose cli   '–g',
1 verbose cli   'cordova' ]
2 info using npm@2.7.4
3 info using node@v0.12.2
4 warn package.json nestcam@ No repository field.
5 warn package.json nestcam@ No README data
6 warn package.json ionic-gulp-fonts-copy@1.0.0 No repository field.
7 warn package.json @angular/common@2.0.0-rc.4 No description
8 warn package.json @angular/compiler@2.0.0-rc.4 No description
9 warn package.json @angular/core@2.0.0-rc.4 No description
10 warn package.json @angular/forms@0.2.0 No description
11 warn package.json @angular/platform-browser@2.0.0-rc.4 No description
12 warn package.json @angular/http@2.0.0-rc.4 No description
13 warn package.json @angular/platform-browser-dynamic@2.0.0-rc.4 No description
14 silly cache add args [ '–g', null ]
15 verbose cache add spec –g
16 silly cache add args [ 'cordova', null ]
17 verbose cache add spec cordova
18 silly cache add parsed spec { raw: '–g',
18 silly cache add   scope: null,
18 silly cache add   name: null,
18 silly cache add   rawSpec: '–g',
18 silly cache add   spec: 'C:\\nest-cam\\–g',
18 silly cache add   type: 'local' }
19 silly cache add parsed spec { raw: 'cordova',
19 silly cache add   scope: null,
19 silly cache add   name: 'cordova',
19 silly cache add   rawSpec: '',
19 silly cache add   spec: '*',
19 silly cache add   type: 'range' }
20 verbose addNamed cordova@*
21 silly addNamed semver.valid null
22 silly addNamed semver.validRange *
23 silly addNameRange { name: 'cordova', range: '*', hasData: false }
24 silly mapToRegistry name cordova
25 silly mapToRegistry using default registry
26 silly mapToRegistry registry https://registry.npmjs.org/
27 silly mapToRegistry uri https://registry.npmjs.org/cordova
28 verbose addNameRange registry:https://registry.npmjs.org/cordova not in flight; fetching
29 error addLocal Could not install C:\nest-cam\–g
30 verbose request uri https://registry.npmjs.org/cordova
31 verbose request no auth needed
32 info attempt registry request try #1 at 7:22:48 PM
33 verbose request id b586a270051e8e2c
34 verbose etag "5BWEESPDQ6UT5IHNMEEWAHFA8"
35 http request GET https://registry.npmjs.org/cordova
36 http 400 https://registry.npmjs.org/cordova
37 verbose headers {}
38 silly get cb [ 304, undefined ]
39 verbose etag https://registry.npmjs.org/cordova from cache
40 verbose get saving cordova to C:\Users\Iosif\AppData\Roaming\npm-cache\registry.npmjs.org\cordova\.cache.json
41 silly addNameRange number 2 { name: 'cordova', range: '*', hasData: true }
42 silly addNameRange versions [ 'cordova',
42 silly addNameRange   [ '0.0.1',
42 silly addNameRange     '0.0.2',
42 silly addNameRange     '0.0.3',
42 silly addNameRange     '0.0.4',
42 silly addNameRange     '0.0.5',
42 silly addNameRange     '0.0.6',
42 silly addNameRange     '0.0.7',
42 silly addNameRange     '0.0.8',
42 silly addNameRange     '0.0.9',
42 silly addNameRange     '0.1.0',
42 silly addNameRange     '0.1.1',
42 silly addNameRange     '0.1.2',
42 silly addNameRange     '0.1.3',
42 silly addNameRange     '0.1.4',
42 silly addNameRange     '0.1.5',
42 silly addNameRange     '0.1.6',
42 silly addNameRange     '0.1.7',
42 silly addNameRange     '0.1.8',
42 silly addNameRange     '0.1.9',
42 silly addNameRange     '0.1.10',
42 silly addNameRange     '0.1.11',
42 silly addNameRange     '0.1.12',
42 silly addNameRange     '0.1.13',
42 silly addNameRange     '0.1.14',
42 silly addNameRange     '2.2.0',
42 silly addNameRange     '2.3.0',
42 silly addNameRange     '2.3.1',
42 silly addNameRange     '2.3.2',
42 silly addNameRange     '2.3.3',
42 silly addNameRange     '2.3.5',
42 silly addNameRange     '2.3.6',
42 silly addNameRange     '2.4.0',
42 silly addNameRange     '2.4.1',
42 silly addNameRange     '2.4.2',
42 silly addNameRange     '2.4.3',
42 silly addNameRange     '2.4.4',
42 silly addNameRange     '2.4.5',
42 silly addNameRange     '2.4.6',
42 silly addNameRange     '2.4.7',
42 silly addNameRange     '2.4.8',
42 silly addNameRange     '2.4.9',
42 silly addNameRange     '2.4.10',
42 silly addNameRange     '2.5.0',
42 silly addNameRange     '2.5.2',
42 silly addNameRange     '2.5.3',
42 silly addNameRange     '2.5.4',
42 silly addNameRange     '2.5.5',
42 silly addNameRange     '2.6.0',
42 silly addNameRange     '2.6.1',
42 silly addNameRange     '2.6.2',
42 silly addNameRange     '2.7.0-rc.1',
42 silly addNameRange     '2.7.1-rc.1',
42 silly addNameRange     '2.7.2',
42 silly addNameRange     '2.7.3',
42 silly addNameRange     '2.7.4',
42 silly addNameRange     '2.8.0',
42 silly addNameRange     '2.8.1',
42 silly addNameRange     '2.8.2',
42 silly addNameRange     '2.8.3',
42 silly addNameRange     '2.8.4',
42 silly addNameRange     '2.8.5',
42 silly addNameRange     '2.8.6',
42 silly addNameRange     '2.8.7',
42 silly addNameRange     '2.8.8',
42 silly addNameRange     '2.8.9',
42 silly addNameRange     '2.8.10',
42 silly addNameRange     '2.8.11',
42 silly addNameRange     '2.8.12',
42 silly addNameRange     '2.8.13',
42 silly addNameRange     '2.8.14',
42 silly addNameRange     '2.8.15',
42 silly addNameRange     '2.8.16',
42 silly addNameRange     '2.8.17',
42 silly addNameRange     '2.8.18',
42 silly addNameRange     '2.8.19',
42 silly addNameRange     '2.8.20',
42 silly addNameRange     '2.8.21',
42 silly addNameRange     '2.8.22',
42 silly addNameRange     '2.8.23',
42 silly addNameRange     '2.8.24',
42 silly addNameRange     '2.8.25',
42 silly addNameRange     '2.9.0',
42 silly addNameRange     '2.9.1',
42 silly addNameRange     '2.9.2',
42 silly addNameRange     '2.9.3',
42 silly addNameRange     '2.9.4',
42 silly addNameRange     '2.9.5',
42 silly addNameRange     '2.9.6',
42 silly addNameRange     '2.9.7',
42 silly addNameRange     '3.0.0-rc1',
42 silly addNameRange     '3.0.0-rc1-1',
42 silly addNameRange     '3.0.0-rc1-3',
42 silly addNameRange     '3.0.0',
42 silly addNameRange     '3.0.1',
42 silly addNameRange     '3.0.2',
42 silly addNameRange     '3.0.3',
42 silly addNameRange     '3.0.4',
42 silly addNameRange     '3.0.5',
42 silly addNameRange     '3.0.6',
42 silly addNameRange     '3.0.7',
42 silly addNameRange     '3.0.8',
42 silly addNameRange     '3.0.9',
42 silly addNameRange     '3.0.10',
42 silly addNameRange     '3.1.0-0.1.0',
42 silly addNameRange     '3.1.0-0.2.0',
42 silly addNameRange     '3.2.0-rc.1',
42 silly addNameRange     '3.2.0-0.1.0',
42 silly addNameRange     '3.2.0-0.2.0',
42 silly addNameRange     '3.2.0-0.3.0',
42 silly addNameRange     '3.2.0-0.4.0',
42 silly addNameRange     '3.3.0-rc.1',
42 silly addNameRange     '3.3.0-0.1.1',
42 silly addNameRange     '3.3.1-0.1.2',
42 silly addNameRange     '2.9.0-rc1',
42 silly addNameRange     '3.3.1-0.3.0',
42 silly addNameRange     '3.3.1-0.3.1',
42 silly addNameRange     '3.3.1-0.4.1',
42 silly addNameRange     '3.3.1-0.4.2',
42 silly addNameRange     '3.4.0-0.1.0',
42 silly addNameRange     '3.4.0-0.1.1',
42 silly addNameRange     '3.4.0-0.1.2',
42 silly addNameRange     '3.4.0-0.1.3',
42 silly addNameRange     '0.0.0-fake',
42 silly addNameRange     '3.4.1-0.1.0',
42 silly addNameRange     '3.5.0-0.2.0',
42 silly addNameRange     '3.5.0-0.2.1',
42 silly addNameRange     '3.5.0-0.2.2',
42 silly addNameRange     '3.5.0-0.2.3',
42 silly addNameRange     '3.5.0-0.2.4',
42 silly addNameRange     '3.5.0-0.2.6',
42 silly addNameRange     '3.5.0-0.2.7',
42 silly addNameRange     '3.6.0-0.2.8',
42 silly addNameRange     '3.6.0-0.2.9',
42 silly addNameRange     '3.6.1-0.2.10',
42 silly addNameRange     '3.6.3-0.2.11',
42 silly addNameRange     '3.6.3-0.2.12',
42 silly addNameRange     '3.6.3-0.2.13',
42 silly addNameRange     '4.0.0',
42 silly addNameRange     '4.0.1',
42 silly addNameRange     '4.1.0',
42 silly addNameRange     '4.1.1',
42 silly addNameRange     '4.1.2',
42 silly addNameRange     '4.1.3-nightly.2014.10.21',
42 silly addNameRange     '4.2.0',
42 silly addNameRange     '4.3.0',
42 silly addNameRange     '5.0.0',
42 silly addNameRange     '4.3.1',
42 silly addNameRange     '5.1.1',
42 silly addNameRange     '5.2.0',
42 silly addNameRange     '5.3.1',
42 silly addNameRange     '5.3.3',
42 silly addNameRange     '5.4.0',
42 silly addNameRange     '5.4.1',
42 silly addNameRange     '6.0.0',
42 silly addNameRange     '6.1.0',
42 silly addNameRange     '6.1.1',
42 silly addNameRange     '6.2.0-nightly.2016.5.11',
42 silly addNameRange     '6.2.0-nightly.2016.5.12',
42 silly addNameRange     '6.2.0-nightly.2016.5.13',
42 silly addNameRange     '6.2.1-nightly.2016.5.20.254844d7',
42 silly addNameRange     '6.2.1-nightly.2016.5.21.254844d7',
42 silly addNameRange     '6.2.1-nightly.2016.5.22.254844d7',
42 silly addNameRange     '6.2.1-nightly.2016.5.23.6e87c71a',
42 silly addNameRange     '6.2.1-nightly.2016.5.24.189f41a4',
42 silly addNameRange     '6.2.0',
42 silly addNameRange     '6.2.1-nightly.2016.5.25.189f41a4',
42 silly addNameRange     '6.2.1-nightly.2016.5.26.189f41a4',
42 silly addNameRange     '6.2.1-nightly.2016.5.27.189f41a4',
42 silly addNameRange     '6.2.1-nightly.2016.5.28.189f41a4',
42 silly addNameRange     '6.2.1-nightly.2016.5.30.189f41a4',
42 silly addNameRange     '6.2.1-nightly.2016.5.31.189f41a4',
42 silly addNameRange     '6.2.1-nightly.2016.6.1.189f41a4',
42 silly addNameRange     '6.2.1-nightly.2016.6.2.189f41a4',
42 silly addNameRange     '6.2.1-nightly.2016.6.3.189f41a4',
42 silly addNameRange     '6.2.1-nightly.2016.6.4.189f41a4',
42 silly addNameRange     '6.2.1-nightly.2016.6.5.189f41a4',
42 silly addNameRange     '6.2.1-nightly.2016.6.6.189f41a4',
42 silly addNameRange     '6.2.1-nightly.2016.6.7.486bdab5',
42 silly addNameRange     '6.2.1-nightly.2016.6.8.486bdab5',
42 silly addNameRange     '6.2.1-dev',
42 silly addNameRange     '6.2.1-nightly.2016.6.10.486bdab5',
42 silly addNameRange     '6.2.1-nightly.2016.6.12.486bdab5',
42 silly addNameRange     '6.2.1-nightly.2016.6.13.486bdab5',
42 silly addNameRange     '6.2.1-nightly.2016.6.14.486bdab5',
42 silly addNameRange     '6.2.1-nightly.2016.6.16.486bdab5',
42 silly addNameRange     '6.2.1-nightly.2016.6.17.486bdab5',
42 silly addNameRange     '6.2.1-nightly.2016.6.18.486bdab5',
42 silly addNameRange     '6.2.1-nightly.2016.6.20.486bdab5',
42 silly addNameRange     '6.2.1-nightly.2016.6.21.486bdab5',
42 silly addNameRange     '6.2.1-nightly.2016.6.22.486bdab5',
42 silly addNameRange     '6.2.1-nightly.2016.6.23.486bdab5',
42 silly addNameRange     '6.2.1-nightly.2016.6.24.486bdab5',
42 silly addNameRange     '6.2.1-nightly.2016.6.26.486bdab5',
42 silly addNameRange     '6.2.1-nightly.2016.6.27.486bdab5',
42 silly addNameRange     '6.2.1-nightly.2016.6.28.486bdab5',
42 silly addNameRange     '6.2.1-nightly.2016.6.29.64e11522',
42 silly addNameRange     '6.2.1-nightly.2016.6.30.64e11522',
42 silly addNameRange     '6.2.1-nightly.2016.7.1.64e11522',
42 silly addNameRange     '6.2.1-nightly.2016.7.2.64e11522',
42 silly addNameRange     '6.2.1-nightly.2016.7.3.64e11522',
42 silly addNameRange     '6.2.1-nightly.2016.7.4.64e11522',
42 silly addNameRange     '6.2.1-nightly.2016.7.5.64e11522',
42 silly addNameRange     '6.2.1-nightly.2016.7.6.64e11522',
42 silly addNameRange     '6.2.1-nightly.2016.7.7.64e11522',
42 silly addNameRange     '6.2.1-nightly.2016.7.8.64e11522',
42 silly addNameRange     '6.2.1-nightly.2016.7.10.64e11522',
42 silly addNameRange     '6.2.1-nightly.2016.7.12.64e11522',
42 silly addNameRange     '6.3.1-nightly.2016.7.14.83f93b96',
42 silly addNameRange     '6.3.1-nightly.2016.7.15.83f93b96',
42 silly addNameRange     '6.3.1-nightly.2016.7.16.83f93b96',
42 silly addNameRange     '6.3.1-nightly.2016.7.17.83f93b96',
42 silly addNameRange     '6.3.1-nightly.2016.7.18.83f93b96',
42 silly addNameRange     '6.3.1-nightly.2016.7.20.83f93b96',
42 silly addNameRange     '6.3.0',
42 silly addNameRange     '6.3.1-nightly.2016.7.23.83f93b96',
42 silly addNameRange     '6.3.1-nightly.2016.7.24.83f93b96',
42 silly addNameRange     '6.3.1-nightly.2016.7.25.83f93b96',
42 silly addNameRange     '6.3.1-nightly.2016.7.26.83f93b96',
42 silly addNameRange     '6.3.1-nightly.2016.7.27.83f93b96',
42 silly addNameRange     '6.3.1-nightly.2016.7.28.83f93b96',
42 silly addNameRange     '6.3.1-nightly.2016.7.29.83f93b96',
42 silly addNameRange     '6.3.1-nightly.2016.8.2.5e6e3bf1',
42 silly addNameRange     '6.3.1-nightly.2016.8.4.5e6e3bf1',
42 silly addNameRange     '6.3.1-nightly.2016.8.5.5e6e3bf1',
42 silly addNameRange     '6.3.1-nightly.2016.8.6.5e6e3bf1',
42 silly addNameRange     '6.3.1-nightly.2016.8.7.5e6e3bf1',
42 silly addNameRange     '6.3.1-nightly.2016.8.8.5e6e3bf1',
42 silly addNameRange     '6.3.1-nightly.2016.8.9.5e6e3bf1',
42 silly addNameRange     '6.4.0-nightly.2016.8.10.258eb28f',
42 silly addNameRange     '6.4.0-nightly.2016.8.11.258eb28f',
42 silly addNameRange     '6.4.0-nightly.2016.8.12.258eb28f',
42 silly addNameRange     '6.4.0-nightly.2016.8.13.258eb28f',
42 silly addNameRange     '6.4.0-nightly.2016.8.15.258eb28f',
42 silly addNameRange     '6.3.1',
42 silly addNameRange     '6.4.0-nightly.2016.8.16.258eb28f',
42 silly addNameRange     '6.4.0-nightly.2016.8.17.258eb28f',
42 silly addNameRange     '6.4.0-nightly.2016.8.18.258eb28f',
42 silly addNameRange     '6.4.0-nightly.2016.8.20.258eb28f',
42 silly addNameRange     '6.4.0-nightly.2016.8.21.258eb28f',
42 silly addNameRange     '6.4.0-nightly.2016.8.22.258eb28f',
42 silly addNameRange     '6.4.0-nightly.2016.8.23.4935f1a5',
42 silly addNameRange     '6.4.0-nightly.2016.8.24.4935f1a5',
42 silly addNameRange     '6.4.0-nightly.2016.8.25.4935f1a5',
42 silly addNameRange     '6.4.0-nightly.2016.8.26.4935f1a5',
42 silly addNameRange     '6.4.0-nightly.2016.8.27.4935f1a5',
42 silly addNameRange     '6.4.0-nightly.2016.8.28.4935f1a5',
42 silly addNameRange     '6.4.0-nightly.2016.8.29.4935f1a5',
42 silly addNameRange     '6.4.0-nightly.2016.8.30.4935f1a5',
42 silly addNameRange     '6.4.0-nightly.2016.8.31.4935f1a5',
42 silly addNameRange     '6.4.0-nightly.2016.9.1.4935f1a5',
42 silly addNameRange     '6.4.0-nightly.2016.9.2.4935f1a5',
42 silly addNameRange     '6.4.0-nightly.2016.9.3.ddd828f4',
42 silly addNameRange     '6.4.0-nightly.2016.9.4.ddd828f4',
42 silly addNameRange     '6.4.0-nightly.2016.9.5.ddd828f4',
42 silly addNameRange     '6.4.0-nightly.2016.9.7.ddd828f4' ] ]
43 verbose addNamed cordova@6.3.1
44 silly addNamed semver.valid 6.3.1
45 silly addNamed semver.validRange 6.3.1
46 silly cache afterAdd cordova@6.3.1
47 verbose afterAdd C:\Users\Iosif\AppData\Roaming\npm-cache\cordova\6.3.1\package\package.json not in flight; writing
48 verbose afterAdd C:\Users\Iosif\AppData\Roaming\npm-cache\cordova\6.3.1\package\package.json written
49 verbose stack Error: ENOENT, open 'C:\nest-cam\–g'
49 verbose stack     at Error (native)
50 verbose cwd C:\nest-cam
51 error Windows_NT 6.2.9200
52 error argv "C:\\Program Files (x86)\\nodejs\\node.exe" "C:\\Program Files (x86)\\nodejs\\node_modules\\npm\\bin\\npm-cli.js" "install" "–g" "cordova"
53 error node v0.12.2
54 error npm  v2.7.4
55 error path C:\nest-cam\–g
56 error code ENOENT
57 error errno -4058
58 error enoent ENOENT, open 'C:\nest-cam\–g'
58 error enoent This is most likely not a problem with npm itself
58 error enoent and is related to npm not being able to find a file.
59 verbose exit [ -4058, true ]
